<?xml version="1.0" encoding="UTF-8"?>
<testng-results ignored="0" total="1" passed="1" failed="0" skipped="0">
  <reporter-output>
  </reporter-output>
  <suite started-at="2024-03-20T00:26:31 IST" name="Suite" finished-at="2024-03-20T00:26:42 IST" duration-ms="10966">
    <groups>
    </groups>
    <test started-at="2024-03-20T00:26:31 IST" name="Test" finished-at="2024-03-20T00:26:42 IST" duration-ms="10966">
      <class name="Com.Ecommerce.TestCases.TC_NewRegistration">
        <test-method is-config="true" signature="initialization(java.lang.String)[pri:0, instance:Com.Ecommerce.TestCases.TC_NewRegistration@5f9b2141]" started-at="2024-03-20T00:26:31 IST" name="initialization" finished-at="2024-03-20T00:26:36 IST" duration-ms="4771" status="PASS">
          <params>
            <param index="0">
              <value>
                <![CDATA[Chrome]]>
              </value>
            </param>
          </params>
          <reporter-output>
          </reporter-output>
        </test-method> <!-- initialization -->
        <test-method signature="Registration()[pri:0, instance:Com.Ecommerce.TestCases.TC_NewRegistration@5f9b2141]" started-at="2024-03-20T00:26:36 IST" name="Registration" finished-at="2024-03-20T00:26:39 IST" duration-ms="2905" status="PASS">
          <reporter-output>
          </reporter-output>
        </test-method> <!-- Registration -->
        <test-method is-config="true" signature="Teardown()[pri:0, instance:Com.Ecommerce.TestCases.TC_NewRegistration@5f9b2141]" started-at="2024-03-20T00:26:39 IST" name="Teardown" finished-at="2024-03-20T00:26:42 IST" duration-ms="3224" status="PASS">
          <reporter-output>
          </reporter-output>
        </test-method> <!-- Teardown -->
      </class> <!-- Com.Ecommerce.TestCases.TC_NewRegistration -->
    </test> <!-- Test -->
  </suite> <!-- Suite -->
</testng-results>
