<?xml version="1.0" encoding="UTF-8"?>
<testsuite xmlns:xsi="http://www.w3.org/2001/XMLSchema-instance" xsi:noNamespaceSchemaLocation="https://maven.apache.org/surefire/maven-surefire-plugin/xsd/surefire-test-report-3.0.xsd" version="3.0" name="TestSuite" time="12.33" tests="1" errors="0" skipped="0" failures="0">
  <properties>
[...]
</properties>
  <testcase name="Registration" classname="Com.Ecommerce.TestCases.TC_NewRegistration" time="2.914">
    <system-out><![CDATA[C:\28_Oct_Automation_Framework2\src\test\resources
 INFO [main] (Ecommerce_BaseClass.java:53)- Open browser
 INFO [main] (Ecommerce_BaseClass.java:57)- Maximize the browser
 INFO [main] (Ecommerce_BaseClass.java:65)- Open application
 INFO [main] (TC_NewRegistration.java:22)- Click on Regiset button
 INFO [main] (TC_NewRegistration.java:24)- Click on the gender
 INFO [main] (TC_NewRegistration.java:27)- Enter the first name
 INFO [main] (TC_NewRegistration.java:30)- Enter the last name
 INFO [main] (TC_NewRegistration.java:37)- Set the password 
 INFO [main] (TC_NewRegistration.java:41)- conf the password 
 INFO [main] (TC_NewRegistration.java:44)- Click on regbutton
RegSuccessfully
 INFO [main] (TC_NewRegistration.java:47)- Verify verify Reg message
]]></system-out>
    <system-err><![CDATA[SLF4J: No SLF4J providers were found.
SLF4J: Defaulting to no-operation (NOP) logger implementation
SLF4J: See https://www.slf4j.org/codes.html#noProviders for further details.
Mar 20, 2024 12:26:34 AM org.openqa.selenium.devtools.CdpVersionFinder findNearestMatch
WARNING: Unable to find an exact match for CDP version 122, returning the closest version; found: 121; Please update to a Selenium version that supports CDP version 122
]]></system-err>
  </testcase>
</testsuite>